<?xml version="1.0" encoding="UTF-8"?>
<testsuite xmlns:xsi="http://www.w3.org/2001/XMLSchema-instance" xsi:noNamespaceSchemaLocation="https://maven.apache.org/surefire/maven-surefire-plugin/xsd/surefire-test-report-3.0.xsd" version="3.0" name="org.example.backend.BackendApplicationTests" time="19.967" tests="1" errors="0" skipped="0" failures="0">
  <properties>
[...]
</properties>
  <testcase name="contextLoads" classname="org.example.backend.BackendApplicationTests" time="2.21">
    <system-out><![CDATA[16:57:44.906 [main] INFO org.springframework.test.context.support.AnnotationConfigContextLoaderUtils -- Could not detect default configuration classes for test class [org.example.backend.BackendApplicationTests]: BackendApplicationTests does not declare any static, non-private, non-final, nested classes annotated with @Configuration.
16:57:45.107 [main] INFO org.springframework.boot.test.context.SpringBootTestContextBootstrapper -- Found @SpringBootConfiguration org.example.backend.BackendApplication for test class org.example.backend.BackendApplicationTests
16:57:45.362 [main] INFO org.springframework.boot.devtools.restart.RestartApplicationListener -- Restart disabled due to context in which it is running

  .   ____          _            __ _ _
 /\\ / ___'_ __ _ _(_)_ __  __ _ \ \ \ \
( ( )\___ | '_ | '_| | '_ \/ _` | \ \ \ \
 \\/  ___)| |_)| | | | | || (_| |  ) ) ) )
  '  |____| .__|_| |_|_| |_\__, | / / / /
 =========|_|==============|___/=/_/_/_/

 :: Spring Boot ::                (v3.3.2)

2024-11-10T16:57:45.967+05:00  INFO 98732 --- [backend] [           main] o.e.backend.BackendApplicationTests      : Starting BackendApplicationTests using Java 22.0.1 with PID 98732 (started by zarinatoleukhanova in /Users/zarinatoleukhanova/Desktop/Новая папка/backend)
2024-11-10T16:57:45.969+05:00  INFO 98732 --- [backend] [           main] o.e.backend.BackendApplicationTests      : No active profile set, falling back to 1 default profile: "default"
2024-11-10T16:57:46.024+05:00 DEBUG 98732 --- [backend] [           main] o.s.w.c.s.GenericWebApplicationContext   : Refreshing org.springframework.web.context.support.GenericWebApplicationContext@3abd581e
2024-11-10T16:57:48.413+05:00  INFO 98732 --- [backend] [           main] .s.d.r.c.RepositoryConfigurationDelegate : Multiple Spring Data modules found, entering strict repository configuration mode
2024-11-10T16:57:48.415+05:00  INFO 98732 --- [backend] [           main] .s.d.r.c.RepositoryConfigurationDelegate : Bootstrapping Spring Data JDBC repositories in DEFAULT mode.
2024-11-10T16:57:48.496+05:00  INFO 98732 --- [backend] [           main] .RepositoryConfigurationExtensionSupport : Spring Data JDBC - Could not safely identify store assignment for repository candidate interface org.example.backend.db.repositories.AccountRepository; If you want this repository to be a JDBC repository, consider annotating your entities with one of these annotations: org.springframework.data.relational.core.mapping.Table.
2024-11-10T16:57:48.498+05:00  INFO 98732 --- [backend] [           main] .RepositoryConfigurationExtensionSupport : Spring Data JDBC - Could not safely identify store assignment for repository candidate interface org.example.backend.db.repositories.CurrencyPricesRepository; If you want this repository to be a JDBC repository, consider annotating your entities with one of these annotations: org.springframework.data.relational.core.mapping.Table.
2024-11-10T16:57:48.500+05:00  INFO 98732 --- [backend] [           main] .RepositoryConfigurationExtensionSupport : Spring Data JDBC - Could not safely identify store assignment for repository candidate interface org.example.backend.db.repositories.CustomerRepository; If you want this repository to be a JDBC repository, consider annotating your entities with one of these annotations: org.springframework.data.relational.core.mapping.Table.
2024-11-10T16:57:48.502+05:00  INFO 98732 --- [backend] [           main] .RepositoryConfigurationExtensionSupport : Spring Data JDBC - Could not safely identify store assignment for repository candidate interface org.example.backend.db.repositories.VerificationCodeRepository; If you want this repository to be a JDBC repository, consider annotating your entities with one of these annotations: org.springframework.data.relational.core.mapping.Table.
2024-11-10T16:57:48.503+05:00  INFO 98732 --- [backend] [           main] .s.d.r.c.RepositoryConfigurationDelegate : Finished Spring Data repository scanning in 84 ms. Found 0 JDBC repository interfaces.
2024-11-10T16:57:48.542+05:00  INFO 98732 --- [backend] [           main] .s.d.r.c.RepositoryConfigurationDelegate : Multiple Spring Data modules found, entering strict repository configuration mode
2024-11-10T16:57:48.544+05:00  INFO 98732 --- [backend] [           main] .s.d.r.c.RepositoryConfigurationDelegate : Bootstrapping Spring Data JPA repositories in DEFAULT mode.
2024-11-10T16:57:48.608+05:00  INFO 98732 --- [backend] [           main] .s.d.r.c.RepositoryConfigurationDelegate : Finished Spring Data repository scanning in 61 ms. Found 4 JPA repository interfaces.
2024-11-10T16:57:49.314+05:00  WARN 98732 --- [backend] [           main] trationDelegate$BeanPostProcessorChecker : Bean 'org.springframework.ws.config.annotation.DelegatingWsConfiguration' of type [org.springframework.ws.config.annotation.DelegatingWsConfiguration$$SpringCGLIB$$0] is not eligible for getting processed by all BeanPostProcessors (for example: not eligible for auto-proxying). The currently created BeanPostProcessor [annotationActionEndpointMapping] is declared through a non-static factory method on that class; consider declaring it as static instead.
2024-11-10T16:57:49.344+05:00  INFO 98732 --- [backend] [           main] .w.s.a.s.AnnotationActionEndpointMapping : Supporting [WS-Addressing August 2004, WS-Addressing 1.0]
2024-11-10T16:57:50.577+05:00  INFO 98732 --- [backend] [           main] o.hibernate.jpa.internal.util.LogHelper  : HHH000204: Processing PersistenceUnitInfo [name: default]
2024-11-10T16:57:50.635+05:00  INFO 98732 --- [backend] [           main] org.hibernate.Version                    : HHH000412: Hibernate ORM core version 6.5.2.Final
2024-11-10T16:57:50.682+05:00  INFO 98732 --- [backend] [           main] o.h.c.internal.RegionFactoryInitiator    : HHH000026: Second-level cache disabled
2024-11-10T16:57:51.035+05:00  INFO 98732 --- [backend] [           main] o.s.o.j.p.SpringPersistenceUnitInfo      : No LoadTimeWeaver setup: ignoring JPA class transformer
2024-11-10T16:57:51.063+05:00  INFO 98732 --- [backend] [           main] com.zaxxer.hikari.HikariDataSource       : HikariPool-1 - Starting...
2024-11-10T16:57:51.690+05:00  INFO 98732 --- [backend] [           main] com.zaxxer.hikari.pool.HikariPool        : HikariPool-1 - Added connection org.postgresql.jdbc.PgConnection@118e2487
2024-11-10T16:57:51.692+05:00  INFO 98732 --- [backend] [           main] com.zaxxer.hikari.HikariDataSource       : HikariPool-1 - Start completed.
2024-11-10T16:57:51.848+05:00  WARN 98732 --- [backend] [           main] org.hibernate.orm.deprecation            : HHH90000025: PostgreSQLDialect does not need to be specified explicitly using 'hibernate.dialect' (remove the property setting and it will be selected by default)
2024-11-10T16:57:53.372+05:00  INFO 98732 --- [backend] [           main] o.h.e.t.j.p.i.JtaPlatformInitiator       : HHH000489: No JTA platform available (set 'hibernate.transaction.jta.platform' to enable JTA platform integration)
Hibernate: 
    create table accounts (
        id bigint generated by default as identity,
        created_date timestamp(6),
        updated_date timestamp(6),
        balance numeric(38,2),
        customer bigint,
        primary key (id)
    )
Hibernate: 
    create table exchange_rate (
        id bigint generated by default as identity,
        created_date timestamp(6),
        updated_date timestamp(6),
        cny float(53) not null,
        eur float(53) not null,
        gbp float(53) not null,
        kgs float(53) not null,
        kzt float(53) not null,
        rub float(53) not null,
        usd float(53) not null,
        primary key (id)
    )
Hibernate: 
    create table transactions (
        id bigint generated by default as identity,
        created_date timestamp(6),
        updated_date timestamp(6),
        amount numeric(38,2),
        transaction_type varchar(255) check (transaction_type in ('DEPOSIT','WITHDRAWAL','EXCHANGE','INVESTMENT')),
        account bigint,
        customer bigint,
        primary key (id)
    )
Hibernate: 
    alter table if exists accounts 
       add constraint FKgoyik57sknm7xniqksuescf4f 
       foreign key (customer) 
       references customers
Hibernate: 
    alter table if exists transactions 
       add constraint FKkf8d41ejdmm82511i82xgrhve 
       foreign key (account) 
       references accounts
Hibernate: 
    alter table if exists transactions 
       add constraint FK4ugca1o0vwl97ypft9ni5texw 
       foreign key (customer) 
       references customers
2024-11-10T16:57:53.874+05:00  INFO 98732 --- [backend] [           main] j.LocalContainerEntityManagerFactoryBean : Initialized JPA EntityManagerFactory for persistence unit 'default'
2024-11-10T16:57:54.857+05:00  INFO 98732 --- [backend] [           main] o.s.d.j.r.query.QueryEnhancerFactory     : Hibernate is in classpath; If applicable, HQL parser will be used.
2024-11-10T16:57:56.188+05:00  WARN 98732 --- [backend] [           main] JpaBaseConfiguration$JpaWebConfiguration : spring.jpa.open-in-view is enabled by default. Therefore, database queries may be performed during view rendering. Explicitly configure spring.jpa.open-in-view to disable this warning
2024-11-10T16:57:56.609+05:00  INFO 98732 --- [backend] [           main] r$InitializeUserDetailsManagerConfigurer : Global AuthenticationManager configured with UserDetailsService bean with name userCreateServiceImpl
2024-11-10T16:57:58.063+05:00 DEBUG 98732 --- [backend] [           main] s.w.s.m.m.a.RequestMappingHandlerMapping : 9 mappings in 'requestMappingHandlerMapping'
2024-11-10T16:57:58.355+05:00 DEBUG 98732 --- [backend] [           main] o.s.w.s.handler.SimpleUrlHandlerMapping  : Patterns [/webjars/**, /**, /swagger-ui*/*swagger-initializer.js, /swagger-ui*/**] in 'resourceHandlerMapping'
2024-11-10T16:57:58.736+05:00  INFO 98732 --- [backend] [           main] o.s.b.a.e.web.EndpointLinksResolver      : Exposing 1 endpoint beneath base path '/actuator'
2024-11-10T16:57:59.364+05:00 DEBUG 98732 --- [backend] [           main] s.w.s.m.m.a.RequestMappingHandlerAdapter : ControllerAdvice beans: 0 @ModelAttribute, 0 @InitBinder, 1 RequestBodyAdvice, 1 ResponseBodyAdvice
2024-11-10T16:57:59.425+05:00 DEBUG 98732 --- [backend] [           main] .m.m.a.ExceptionHandlerExceptionResolver : ControllerAdvice beans: 2 @ExceptionHandler, 1 ResponseBodyAdvice
2024-11-10T16:57:59.510+05:00 DEBUG 98732 --- [backend] [           main] .m.m.a.ExceptionHandlerExceptionResolver : ControllerAdvice beans: 2 @ExceptionHandler, 0 ResponseBodyAdvice
2024-11-10T16:58:00.996+05:00 DEBUG 98732 --- [backend] [           main] i.m.c.u.i.logging.InternalLoggerFactory  : Using SLF4J as the default logging framework
2024-11-10T16:58:02.083+05:00  INFO 98732 --- [backend] [           main] o.e.backend.BackendApplicationTests      : Started BackendApplicationTests in 16.747 seconds (process running for 18.434)
]]></system-out>
    <system-err><![CDATA[WARNING: A Java agent has been loaded dynamically (/Users/zarinatoleukhanova/.m2/repository/net/bytebuddy/byte-buddy-agent/1.14.18/byte-buddy-agent-1.14.18.jar)
WARNING: If a serviceability tool is in use, please run with -XX:+EnableDynamicAgentLoading to hide this warning
WARNING: If a serviceability tool is not in use, please run with -Djdk.instrument.traceUsage for more information
WARNING: Dynamic loading of agents will be disallowed by default in a future release
]]></system-err>
  </testcase>
</testsuite>